GROUP,PACKAGE,CLASS,INSTRUCTION_MISSED,INSTRUCTION_COVERED,BRANCH_MISSED,BRANCH_COVERED,LINE_MISSED,LINE_COVERED,COMPLEXITY_MISSED,COMPLEXITY_COVERED,METHOD_MISSED,METHOD_COVERED
BM20019parcial-1.0-SNAPSHOT,sv.edu.occ.ues.ingenieria.prn335.bolsatrabajoprn335.bm20019parcial.control,PersonaBean,0,8,0,0,0,4,0,3,0,3
BM20019parcial-1.0-SNAPSHOT,sv.edu.occ.ues.ingenieria.prn335.bolsatrabajoprn335.bm20019parcial.control,AbstractDataAccess,14,203,3,27,9,69,4,20,1,8
BM20019parcial-1.0-SNAPSHOT,sv.edu.occ.ues.ingenieria.prn335.bolsatrabajoprn335.bm20019parcial.entity,Persona,82,41,8,4,25,15,18,6,12,6
